[2024-11-20T17:53:14.084+0000] {local_task_job_runner.py:123} INFO - ::group::Pre task execution logs
[2024-11-20T17:53:14.109+0000] {taskinstance.py:2613} INFO - Dependencies all met for dep_context=non-requeueable deps ti=<TaskInstance: reddit_etl_pipeline.load_reddit_data manual__2024-11-20T17:53:03.772675+00:00 [queued]>
[2024-11-20T17:53:14.119+0000] {taskinstance.py:2613} INFO - Dependencies all met for dep_context=requeueable deps ti=<TaskInstance: reddit_etl_pipeline.load_reddit_data manual__2024-11-20T17:53:03.772675+00:00 [queued]>
[2024-11-20T17:53:14.121+0000] {taskinstance.py:2866} INFO - Starting attempt 1 of 1
[2024-11-20T17:53:14.137+0000] {taskinstance.py:2889} INFO - Executing <Task(_PythonDecoratedOperator): load_reddit_data> on 2024-11-20 17:53:03.772675+00:00
[2024-11-20T17:53:14.147+0000] {warnings.py:112} WARNING - /home/***/.local/lib/python3.12/site-packages/***/task/task_runner/standard_task_runner.py:70: DeprecationWarning: This process (pid=964) is multi-threaded, use of fork() may lead to deadlocks in the child.
  pid = os.fork()

[2024-11-20T17:53:14.150+0000] {standard_task_runner.py:72} INFO - Started process 973 to run task
[2024-11-20T17:53:14.150+0000] {standard_task_runner.py:104} INFO - Running: ['***', 'tasks', 'run', 'reddit_etl_pipeline', 'load_reddit_data', 'manual__2024-11-20T17:53:03.772675+00:00', '--job-id', '38', '--raw', '--subdir', 'DAGS_FOLDER/dags.py', '--cfg-path', '/tmp/tmpr_kaywpw']
[2024-11-20T17:53:14.152+0000] {standard_task_runner.py:105} INFO - Job 38: Subtask load_reddit_data
[2024-11-20T17:53:14.206+0000] {task_command.py:467} INFO - Running <TaskInstance: reddit_etl_pipeline.load_reddit_data manual__2024-11-20T17:53:03.772675+00:00 [running]> on host 73e9d34b1ab9
[2024-11-20T17:53:14.647+0000] {taskinstance.py:3132} INFO - Exporting env vars: AIRFLOW_CTX_DAG_OWNER='***' AIRFLOW_CTX_DAG_ID='reddit_etl_pipeline' AIRFLOW_CTX_TASK_ID='load_reddit_data' AIRFLOW_CTX_EXECUTION_DATE='2024-11-20T17:53:03.772675+00:00' AIRFLOW_CTX_TRY_NUMBER='1' AIRFLOW_CTX_DAG_RUN_ID='manual__2024-11-20T17:53:03.772675+00:00'
[2024-11-20T17:53:14.650+0000] {logging_mixin.py:190} INFO - Task instance is in running state
[2024-11-20T17:53:14.651+0000] {logging_mixin.py:190} INFO -  Previous state of the Task instance: queued
[2024-11-20T17:53:14.652+0000] {logging_mixin.py:190} INFO - Current task name:load_reddit_data state:running start_date:2024-11-20 17:53:14.110760+00:00
[2024-11-20T17:53:14.652+0000] {logging_mixin.py:190} INFO - Dag name:reddit_etl_pipeline and current dag run status:running
[2024-11-20T17:53:14.653+0000] {taskinstance.py:731} INFO - ::endgroup::
[2024-11-20T17:53:14.666+0000] {base.py:84} INFO - Retrieving connection 'reddit_connection'
[2024-11-20T17:53:14.776+0000] {python.py:240} INFO - Done. Returned value was: None
[2024-11-20T17:53:14.789+0000] {taskinstance.py:340} INFO - ::group::Post task execution logs
[2024-11-20T17:53:14.790+0000] {taskinstance.py:352} INFO - Marking task as SUCCESS. dag_id=reddit_etl_pipeline, task_id=load_reddit_data, run_id=manual__2024-11-20T17:53:03.772675+00:00, execution_date=20241120T175303, start_date=20241120T175314, end_date=20241120T175314
[2024-11-20T17:53:14.806+0000] {logging_mixin.py:190} INFO - Task instance in success state
[2024-11-20T17:53:14.807+0000] {logging_mixin.py:190} INFO -  Previous state of the Task instance: running
[2024-11-20T17:53:14.808+0000] {logging_mixin.py:190} INFO - Dag name:reddit_etl_pipeline queued_at:2024-11-20 17:53:03.783632+00:00
[2024-11-20T17:53:14.809+0000] {logging_mixin.py:190} INFO - Task hostname:73e9d34b1ab9 operator:_PythonDecoratedOperator
[2024-11-20T17:53:14.848+0000] {local_task_job_runner.py:266} INFO - Task exited with return code 0
[2024-11-20T17:53:14.874+0000] {taskinstance.py:3895} INFO - 0 downstream tasks scheduled from follow-on schedule check
[2024-11-20T17:53:14.878+0000] {local_task_job_runner.py:245} INFO - ::endgroup::
